<?xml version="1.0" encoding="UTF-8"?>
<!-- Generated by org.testng.reporters.JUnitXMLReporter -->
<testsuite ignored="0" hostname="RCBAN0238" failures="0" tests="3" name="Test" time="4.045" errors="0" timestamp="10 Feb 2023 08:57:20 GMT">
  <testcase classname="com.RestAssured.TC_07_Post_ReqRes_CreateUser_DDD" name="verifyCreateUserTest" time="2.608"/>
  <testcase classname="com.RestAssured.TC_07_Post_ReqRes_CreateUser_DDD" name="verifyCreateUserTest" time="0.656"/>
  <testcase classname="com.RestAssured.TC_07_Post_ReqRes_CreateUser_DDD" name="verifyCreateUserTest" time="0.76"/>
</testsuite> <!-- Test -->
